2025-03-25T11:33:57.811Z - info: [ui] [AppStore] loading 2 repositories from store
2025-03-25T11:33:57.814Z - info: [ui] [AppStore] found account: jfreitasunb (José Antônio Oliveira de Freitas)
2025-03-25T11:33:57.835Z - info: [ui] [BranchPruner] Last prune took place 22 hours ago - skipping
2025-03-25T11:33:58.040Z - info: [ui] launching: 3.4.13-linux1 (Linux 6.1.0-32-amd64)
2025-03-25T11:33:58.041Z - info: [ui] execPath: '/app/github-desktop/github-desktop'
2025-03-25T11:33:58.306Z - info: [ui] Subscribed 'jfreitasunb' to Alive channel
2025-03-25T11:33:58.904Z - info: [ui] Stats reported.
2025-03-25T11:35:07.469Z - info: [ui] Executing fetch: git fetch --progress --prune --recurse-submodules=on-demand origin (took 36.225s)
2025-03-25T18:49:05.562Z - info: [ui] [AppStore] loading 2 repositories from store
2025-03-25T18:49:05.565Z - info: [ui] [AppStore] found account: jfreitasunb (José Antônio Oliveira de Freitas)
2025-03-25T18:49:05.580Z - info: [ui] [BranchPruner] Last prune took place 7 hours ago - skipping
2025-03-25T18:49:05.651Z - info: [ui] launching: 3.4.13-linux1 (Linux 6.1.0-32-amd64)
2025-03-25T18:49:05.651Z - info: [ui] execPath: '/app/github-desktop/github-desktop'
2025-03-25T18:49:06.141Z - info: [ui] Subscribed 'jfreitasunb' to Alive channel
2025-03-25T18:49:12.532Z - info: [ui] [AppStore] loading 2 repositories from store
2025-03-25T18:49:12.535Z - info: [ui] [AppStore] found account: jfreitasunb (José Antônio Oliveira de Freitas)
2025-03-25T18:49:12.553Z - info: [ui] [BranchPruner] Last prune took place 7 hours ago - skipping
2025-03-25T18:49:12.556Z - info: [ui] Subscribed 'jfreitasunb' to Alive channel
2025-03-25T18:49:12.670Z - info: [ui] launching: 3.4.13-linux1 (Linux 6.1.0-32-amd64)
2025-03-25T18:49:12.670Z - info: [ui] execPath: '/app/github-desktop/github-desktop'
2025-03-25T18:49:25.426Z - info: [ui] [AppStore] loading 2 repositories from store
2025-03-25T18:49:25.429Z - info: [ui] [AppStore] found account: jfreitasunb (José Antônio Oliveira de Freitas)
2025-03-25T18:49:25.447Z - info: [ui] [BranchPruner] Last prune took place 7 hours ago - skipping
2025-03-25T18:49:25.448Z - info: [ui] Subscribed 'jfreitasunb' to Alive channel
2025-03-25T18:49:25.652Z - info: [ui] launching: 3.4.13-linux1 (Linux 6.1.0-32-amd64)
2025-03-25T18:49:25.653Z - info: [ui] execPath: '/app/github-desktop/github-desktop'
