2025-05-08T19:36:58.263Z - info: [ui] [AppStore] loading 2 repositories from store
2025-05-08T19:36:58.266Z - info: [ui] [AppStore] found account: jfreitasunb (José Antônio Oliveira de Freitas)
2025-05-08T19:36:58.552Z - warn: [ui] Error refreshing account 'jfreitasunb'
Error: Cannot update an account which doesn't have a token: jfreitasunb
    at at (/home/jfreitas/webpack:/app/src/lib/fatal-error.ts:3:9)
    at /home/jfreitas/webpack:/app/src/lib/stores/accounts-store.ts:248:12
    at Op.tryUpdateAccount (/home/jfreitas/webpack:/app/src/lib/stores/accounts-store.ts:136:20)
    at /home/jfreitas/webpack:/app/src/lib/stores/accounts-store.ts:116:37
    at Array.map (<anonymous>)
    at Op.refresh (/home/jfreitas/webpack:/app/src/lib/stores/accounts-store.ts:116:21)
    at Op.loadInitialState (/home/jfreitas/webpack:/app/src/lib/stores/app-store.ts:2309:24)
2025-05-08T19:36:58.718Z - info: [ui] launching: 3.4.13-linux1 (Linux 6.1.0-34-amd64)
2025-05-08T19:36:58.719Z - info: [ui] execPath: '/app/github-desktop/github-desktop'
2025-05-08T19:36:58.775Z - warn: [ui] Alive channel request failed: Error: Not Found
2025-05-08T19:36:58.846Z - warn: [ui] Alive channel request failed: Error: Not Found
2025-05-08T19:36:58.879Z - warn: [ui] Alive channel request failed: Error: Not Found
2025-05-08T19:36:58.913Z - warn: [ui] Alive channel request failed: Error: Not Found
2025-05-08T19:36:59.224Z - info: [ui] Stats reported.
2025-05-08T19:37:11.943Z - error: [ui] `git fetch --progress --prune --recurse-submodules=on-demand origin` exited with an unexpected code: 128.

fatal: Could not read from remote repository.

Please make sure you have the correct access rights
and the repository exists.

(The error was parsed as 3: Authentication failed. Some common reasons include:

- You are not logged in to your account: see File > Options.
- You may need to log out and log back in to refresh your token.
- You do not have permission to access this repository.
- The repository is archived on GitHub. Check the repository settings to confirm you are still permitted to push commits.
- If you use SSH authentication, check that your key is added to the ssh-agent and associated with your account.
- If you use SSH authentication, ensure the host key verification passes for your repository hosting service.
- If you used username / password authentication, you might need to use a Personal Access Token instead of your account password. Check the documentation of your repository hosting service.)
2025-05-08T19:37:19.613Z - info: [ui] [Timing] Action 'create commit' for 'jfreitasunb/dot' took 0.058s
