2025-03-26T13:33:35.310Z - info: [ui] [AppStore] loading 2 repositories from store
2025-03-26T13:33:35.314Z - info: [ui] [AppStore] found account: jfreitasunb (José Antônio Oliveira de Freitas)
2025-03-26T13:33:35.542Z - info: [ui] launching: 3.4.13-linux1 (Linux 6.1.0-32-amd64)
2025-03-26T13:33:35.543Z - info: [ui] execPath: '/app/github-desktop/github-desktop'
2025-03-26T13:33:35.798Z - info: [ui] Subscribed 'jfreitasunb' to Alive channel
2025-03-26T13:33:36.141Z - info: [ui] Stats reported.
2025-03-26T13:34:01.565Z - info: [ui] Executing fetch: git fetch --progress --prune --recurse-submodules=on-demand origin (took 9.105s)
2025-03-26T13:34:03.540Z - info: [ui] Executing updateRemoteHEAD: git remote set-head -a origin (took 1.974s)
2025-03-26T13:36:23.561Z - info: [ui] [RepositoryIndicatorUpdater]: Refreshing sidebar indicators for 1 repositories took 0.5s of which 0.0s paused, total 0.5s
2025-03-26T13:36:37.071Z - info: [ui] [Timing] Action 'create commit' for 'jfreitasunb/dot' took 0.059s
2025-03-26T13:37:06.930Z - info: [ui] [Timing] Action 'create commit' for 'jfreitasunb/dot' took 0.134s
2025-03-26T13:37:12.514Z - info: [ui] Executing push: git push origin master:master --progress (took 4.029s)
2025-03-26T13:37:14.763Z - info: [ui] Executing fetch: git fetch --progress --prune --recurse-submodules=on-demand origin (took 2.248s)
2025-03-26T16:52:16.039Z - info: [ui] [AppStore] loading 2 repositories from store
2025-03-26T16:52:16.041Z - info: [ui] [AppStore] found account: jfreitasunb (José Antônio Oliveira de Freitas)
2025-03-26T16:52:16.056Z - info: [ui] [BranchPruner] Last prune took place 3 hours ago - skipping
2025-03-26T16:52:16.199Z - info: [ui] launching: 3.4.13-linux1 (Linux 6.1.0-32-amd64)
2025-03-26T16:52:16.199Z - info: [ui] execPath: '/app/github-desktop/github-desktop'
2025-03-26T16:52:16.579Z - info: [ui] Subscribed 'jfreitasunb' to Alive channel
2025-03-26T16:52:47.808Z - info: [ui] Executing fetch: git fetch --progress --prune --recurse-submodules=on-demand origin (took 1.832s)
2025-03-26T16:52:49.651Z - info: [ui] Executing updateRemoteHEAD: git remote set-head -a origin (took 1.841s)
2025-03-26T16:57:37.436Z - info: [ui] [RepositoryIndicatorUpdater]: Refreshing sidebar indicators for 1 repositories took 0.4s of which 0.0s paused, total 0.4s
