2025-03-20T23:56:13.979Z - info: [ui] [AppStore] loading 0 repositories from store
2025-03-20T23:56:14.004Z - info: [ui] [Welcome] no sign in step found. ignoring...
2025-03-20T23:56:14.053Z - info: [ui] [Welcome] no sign in step found. ignoring...
2025-03-20T23:56:14.054Z - info: [ui] launching: 3.4.13-linux1 (Linux 6.1.0-32-amd64)
2025-03-20T23:56:14.055Z - info: [ui] execPath: '/app/github-desktop/github-desktop'
2025-03-20T23:56:14.072Z - info: [ui] [Welcome] no sign in step found. ignoring...
2025-03-20T23:56:14.124Z - info: [ui] [Welcome] no sign in step found. ignoring...
2025-03-20T23:56:14.564Z - info: [ui] Opt in reported.
2025-03-20T23:56:17.703Z - info: [ui] [Welcome] advancing to step: SignInToDotComWithBrowser
2025-03-20T23:56:17.725Z - info: [ui] [SignInStore] initializing OAuth flow
2025-03-20T23:56:17.725Z - info: [main] opening in browser: https://github.com/login/oauth/authorize?client_id=3a723b10ac5575cc5bb9&scope=repo%20user%20workflow&state=cc97cb02-eef1-408b-9457-e67513304dfd
2025-03-20T23:56:17.725Z - info: [ui] [Welcome] current sign in state not found. ignoring...
2025-03-20T23:56:17.842Z - info: [ui] [Welcome] kind Authentication is the same as Authentication. ignoring...
2025-03-20T23:57:13.295Z - info: [main] Received possible protocol arguments: 4
2025-03-20T23:57:13.295Z - info: [main] Processing protocol url
2025-03-20T23:57:13.367Z - info: [ui] [Welcome] kind Authentication is the same as Authentication. ignoring...
2025-03-20T23:57:13.465Z - info: [main] Received possible protocol arguments: 2
2025-03-20T23:57:13.469Z - info: [main] Processing protocol url
2025-03-20T23:57:14.471Z - info: [ui] [SignInStore] account resolved
2025-03-20T23:57:14.471Z - info: [ui] [AppStore] adding account jfreitasunb (José Antônio Oliveira de Freitas) to store
2025-03-20T23:57:14.475Z - info: [ui] [Welcome] advancing to step: ConfigureGit
2025-03-20T23:57:14.507Z - info: [ui] [Welcome] no sign in step found. ignoring...
2025-03-20T23:57:14.525Z - info: [ui] [Welcome] no sign in step found. ignoring...
2025-03-20T23:57:14.930Z - info: [ui] [Welcome] no sign in step found. ignoring...
2025-03-20T23:57:14.977Z - info: [ui] Subscribed 'jfreitasunb' to Alive channel
2025-03-20T23:57:15.204Z - info: [ui] [Welcome] no sign in step found. ignoring...
2025-03-20T23:57:28.768Z - info: [ui] [AppStore] adding repository at /home/jfreitas/GitHub/dot to store
2025-03-20T23:57:29.252Z - info: [ui] [BranchPruner] No branches to prune.
2025-03-20T23:58:39.016Z - info: [ui] [RepositoryIndicatorUpdater]: Refreshing sidebar indicators for 1 repositories took 0.4s of which 0.0s paused, total 0.4s
