2025-03-21T00:00:02.434Z - info: [ui] [Timing] Action 'create commit' for 'jfreitasunb/dot' took 0.074s
2025-03-21T00:00:55.555Z - info: [ui] [Timing] Action 'create commit' for 'jfreitasunb/dot' took 0.086s
2025-03-21T00:01:09.451Z - info: [ui] [Timing] Action 'create commit' for 'jfreitasunb/dot' took 0.080s
2025-03-21T00:01:17.213Z - info: [ui] [Timing] Action 'create commit' for 'jfreitasunb/dot' took 0.072s
2025-03-21T00:01:26.382Z - info: [ui] [Timing] Action 'create commit' for 'jfreitasunb/dot' took 0.075s
2025-03-21T00:01:38.785Z - info: [ui] [Timing] Action 'create commit' for 'jfreitasunb/dot' took 0.066s
2025-03-21T00:01:51.895Z - info: [ui] [Timing] Action 'create commit' for 'jfreitasunb/dot' took 0.073s
2025-03-21T00:02:01.012Z - info: [ui] [Timing] Action 'create commit' for 'jfreitasunb/dot' took 0.066s
2025-03-21T00:02:07.226Z - info: [ui] [Timing] Action 'create commit' for 'jfreitasunb/dot' took 0.066s
2025-03-21T00:02:08.800Z - info: [ui] credential-helper: found GitHub credential for https://github.com/ in store
2025-03-21T00:02:09.950Z - info: [ui] Executing push: git push origin master:master --progress (took 1.477s)
2025-03-21T00:03:57.353Z - info: [ui] [AppStore] loading 1 repositories from store
2025-03-21T00:03:57.355Z - info: [ui] [AppStore] found account: jfreitasunb (José Antônio Oliveira de Freitas)
2025-03-21T00:03:57.378Z - info: [ui] [BranchPruner] Last prune took place 6 minutes ago - skipping
2025-03-21T00:03:57.525Z - info: [ui] launching: 3.4.13-linux1 (Linux 6.1.0-32-amd64)
2025-03-21T00:03:57.525Z - info: [ui] execPath: '/app/github-desktop/github-desktop'
2025-03-21T00:03:57.850Z - info: [ui] Subscribed 'jfreitasunb' to Alive channel
2025-03-21T00:03:58.052Z - info: [ui] Stats reported.
2025-03-21T00:04:36.321Z - info: [ui] [AppStore] loading 1 repositories from store
2025-03-21T00:04:36.324Z - info: [ui] [AppStore] found account: jfreitasunb (José Antônio Oliveira de Freitas)
2025-03-21T00:04:36.346Z - info: [ui] [BranchPruner] Last prune took place 7 minutes ago - skipping
2025-03-21T00:04:36.354Z - info: [ui] Subscribed 'jfreitasunb' to Alive channel
2025-03-21T00:04:36.507Z - info: [ui] launching: 3.4.13-linux1 (Linux 6.1.0-32-amd64)
2025-03-21T00:04:36.508Z - info: [ui] execPath: '/app/github-desktop/github-desktop'
2025-03-21T00:32:45.654Z - info: [ui] [AppStore] loading 1 repositories from store
2025-03-21T00:32:45.657Z - info: [ui] [AppStore] found account: jfreitasunb (José Antônio Oliveira de Freitas)
2025-03-21T00:32:45.674Z - info: [ui] [BranchPruner] Last prune took place 35 minutes ago - skipping
2025-03-21T00:32:45.930Z - info: [ui] launching: 3.4.13-linux1 (Linux 6.1.0-32-amd64)
2025-03-21T00:32:45.930Z - info: [ui] execPath: '/app/github-desktop/github-desktop'
2025-03-21T00:32:46.323Z - info: [ui] Subscribed 'jfreitasunb' to Alive channel
2025-03-21T00:33:01.007Z - info: [ui] Executing updateRemoteHEAD: git remote set-head -a origin (took 5.495s)
2025-03-21T00:33:45.671Z - info: [ui] [Timing] Action 'create commit' for 'jfreitasunb/dot' took 0.068s
2025-03-21T00:38:42.640Z - info: [ui] credential-helper: found GitHub credential for https://github.com/ in store
2025-03-21T00:38:43.686Z - info: [ui] Executing push: git push origin master:master --progress (took 1.476s)
