2025-06-09T22:40:05.664Z - info: [ui] [AppStore] loading 0 repositories from store
2025-06-09T22:40:05.692Z - info: [ui] [Welcome] no sign in step found. ignoring...
2025-06-09T22:40:05.732Z - info: [ui] [Welcome] no sign in step found. ignoring...
2025-06-09T22:40:05.733Z - info: [ui] launching: 3.4.14-linux1 (Linux 6.12.32-1-lts)
2025-06-09T22:40:05.734Z - info: [ui] execPath: '/opt/github-desktop/github-desktop'
2025-06-09T22:40:05.754Z - info: [ui] [Welcome] no sign in step found. ignoring...
2025-06-09T22:40:06.478Z - info: [ui] Opt in reported.
2025-06-09T22:41:29.407Z - info: [ui] [AppStore] loading 0 repositories from store
2025-06-09T22:41:29.427Z - info: [ui] [Welcome] no sign in step found. ignoring...
2025-06-09T22:41:29.491Z - info: [ui] [Welcome] no sign in step found. ignoring...
2025-06-09T22:41:29.494Z - info: [ui] launching: 3.4.14-linux1 (Linux 6.12.32-1-lts)
2025-06-09T22:41:29.494Z - info: [ui] execPath: '/opt/github-desktop/github-desktop'
2025-06-09T22:41:29.518Z - info: [ui] [Welcome] no sign in step found. ignoring...
2025-06-09T22:41:33.587Z - info: [ui] [Welcome] advancing to step: SignInToDotComWithBrowser
2025-06-09T22:41:33.588Z - info: [ui] [SignInStore] initializing OAuth flow
2025-06-09T22:41:33.591Z - info: [main] opening in browser: https://github.com/login/oauth/authorize?client_id=3a723b10ac5575cc5bb9&scope=repo%20user%20workflow&state=cd993517-54b1-4cd2-91af-1c606d81fa2f
2025-06-09T22:41:33.592Z - info: [ui] [Welcome] current sign in state not found. ignoring...
2025-06-09T22:41:34.385Z - info: [ui] [Welcome] kind Authentication is the same as Authentication. ignoring...
2025-06-09T22:43:15.213Z - info: [main] Processing protocol url
2025-06-09T22:43:15.216Z - info: [ui] [Welcome] kind Authentication is the same as Authentication. ignoring...
2025-06-09T22:43:15.231Z - info: [ui] [Welcome] kind Authentication is the same as Authentication. ignoring...
2025-06-09T22:43:15.285Z - info: [main] Processing protocol url
2025-06-09T22:43:16.474Z - info: [ui] [SignInStore] account resolved
2025-06-09T22:43:16.474Z - info: [ui] [AppStore] adding account jfreitasunb (José Antônio Oliveira de Freitas) to store
2025-06-09T22:43:16.482Z - info: [ui] [Welcome] advancing to step: ConfigureGit
2025-06-09T22:43:16.511Z - info: [ui] [Welcome] no sign in step found. ignoring...
2025-06-09T22:43:16.531Z - info: [ui] [Welcome] no sign in step found. ignoring...
2025-06-09T22:43:17.060Z - info: [ui] Subscribed 'jfreitasunb' to Alive channel
2025-06-09T22:43:17.384Z - info: [ui] [Welcome] no sign in step found. ignoring...
2025-06-09T22:43:28.925Z - info: [ui] [AppStore] adding repository at /home/jfreitas/GitHub/dot to store
2025-06-09T22:43:29.490Z - info: [ui] [BranchPruner] No branches to prune.
2025-06-09T22:43:46.129Z - info: [ui] Executing fetch: git fetch --progress --prune --recurse-submodules=on-demand origin (took 1.230s)
2025-06-09T22:43:46.130Z - error: [ui] `git fetch --progress --prune --recurse-submodules=on-demand origin` exited with an unexpected code: 128.

it@github.com: Permission denied (publickey).fatal: Could not read from remote repository.

Please make sure you have the correct access rights
and the repository exists.

(The error was parsed as 3: Authentication failed. Some common reasons include:

- You are not logged in to your account: see File > Options.
- You may need to log out and log back in to refresh your token.
- You do not have permission to access this repository.
- The repository is archived on GitHub. Check the repository settings to confirm you are still permitted to push commits.
- If you use SSH authentication, check that your key is added to the ssh-agent and associated with your account.
- If you use SSH authentication, ensure the host key verification passes for your repository hosting service.
- If you used username / password authentication, you might need to use a Personal Access Token instead of your account password. Check the documentation of your repository hosting service.)
2025-06-09T22:43:46.136Z - info: [ui] [RepositoryIndicatorUpdater]: Refreshing sidebar indicators for 1 repositories took 1.3s of which 0.0s paused, total 1.3s
2025-06-09T22:48:25.525Z - info: [ui] [Timing] Action 'create commit' for 'jfreitasunb/dot' took 0.086s
2025-06-09T22:48:55.574Z - info: [ui] Executing fetch: git fetch --progress --prune --recurse-submodules=on-demand origin (took 1.149s)
2025-06-09T22:48:55.574Z - error: [ui] `git fetch --progress --prune --recurse-submodules=on-demand origin` exited with an unexpected code: 128.

it@github.com: Permission denied (publickey).fatal: Could not read from remote repository.

Please make sure you have the correct access rights
and the repository exists.

(The error was parsed as 3: Authentication failed. Some common reasons include:

- You are not logged in to your account: see File > Options.
- You may need to log out and log back in to refresh your token.
- You do not have permission to access this repository.
- The repository is archived on GitHub. Check the repository settings to confirm you are still permitted to push commits.
- If you use SSH authentication, check that your key is added to the ssh-agent and associated with your account.
- If you use SSH authentication, ensure the host key verification passes for your repository hosting service.
- If you used username / password authentication, you might need to use a Personal Access Token instead of your account password. Check the documentation of your repository hosting service.)
2025-06-09T22:50:00.616Z - info: [ui] [Timing] Action 'create commit' for 'jfreitasunb/dot' took 0.088s
2025-06-09T22:51:20.584Z - info: [ui] [Timing] Action 'create commit' for 'jfreitasunb/dot' took 0.095s
2025-06-09T22:52:38.408Z - info: [ui] [Timing] Action 'create commit' for 'jfreitasunb/dot' took 0.080s
2025-06-09T22:52:56.010Z - info: [ui] [Timing] Action 'create commit' for 'jfreitasunb/dot' took 0.097s
2025-06-09T22:53:14.329Z - info: [ui] [Timing] Action 'create commit' for 'jfreitasunb/dot' took 0.088s
2025-06-09T22:53:24.903Z - info: [ui] [Timing] Action 'create commit' for 'jfreitasunb/dot' took 0.087s
2025-06-09T22:53:36.871Z - info: [ui] [Timing] Action 'create commit' for 'jfreitasunb/dot' took 0.071s
2025-06-09T22:53:59.140Z - info: [ui] [Timing] Action 'create commit' for 'jfreitasunb/dot' took 0.087s
2025-06-09T22:54:13.497Z - info: [ui] [Timing] Action 'create commit' for 'jfreitasunb/dot' took 0.108s
2025-06-09T22:54:27.758Z - info: [ui] Executing fetch: git fetch --progress --prune --recurse-submodules=on-demand origin (took 6.220s)
2025-06-09T22:54:27.759Z - error: [ui] `git fetch --progress --prune --recurse-submodules=on-demand origin` exited with an unexpected code: 128.

it@github.com: Permission denied (publickey).fatal: Could not read from remote repository.

Please make sure you have the correct access rights
and the repository exists.

(The error was parsed as 3: Authentication failed. Some common reasons include:

- You are not logged in to your account: see File > Options.
- You may need to log out and log back in to refresh your token.
- You do not have permission to access this repository.
- The repository is archived on GitHub. Check the repository settings to confirm you are still permitted to push commits.
- If you use SSH authentication, check that your key is added to the ssh-agent and associated with your account.
- If you use SSH authentication, ensure the host key verification passes for your repository hosting service.
- If you used username / password authentication, you might need to use a Personal Access Token instead of your account password. Check the documentation of your repository hosting service.)
2025-06-09T22:55:12.302Z - info: [ui] [Timing] Action 'create commit' for 'jfreitasunb/dot' took 0.081s
2025-06-09T22:55:42.830Z - info: [ui] [Timing] Action 'create commit' for 'jfreitasunb/dot' took 0.082s
2025-06-09T22:55:55.902Z - info: [ui] [Timing] Action 'create commit' for 'jfreitasunb/dot' took 0.087s
2025-06-09T22:56:24.908Z - info: [ui] [Timing] Action 'create commit' for 'jfreitasunb/dot' took 0.099s
2025-06-09T22:56:40.136Z - info: [ui] [Timing] Action 'create commit' for 'jfreitasunb/dot' took 0.090s
2025-06-09T22:59:40.066Z - info: [ui] Executing fetch: git fetch --progress --prune --recurse-submodules=on-demand origin (took 1.229s)
2025-06-09T22:59:40.067Z - error: [ui] `git fetch --progress --prune --recurse-submodules=on-demand origin` exited with an unexpected code: 128.

fatal: Could not read from remote repository.

Please make sure you have the correct access rights
and the repository exists.

(The error was parsed as 3: Authentication failed. Some common reasons include:

- You are not logged in to your account: see File > Options.
- You may need to log out and log back in to refresh your token.
- You do not have permission to access this repository.
- The repository is archived on GitHub. Check the repository settings to confirm you are still permitted to push commits.
- If you use SSH authentication, check that your key is added to the ssh-agent and associated with your account.
- If you use SSH authentication, ensure the host key verification passes for your repository hosting service.
- If you used username / password authentication, you might need to use a Personal Access Token instead of your account password. Check the documentation of your repository hosting service.)
2025-06-09T22:59:40.074Z - info: [ui] [RepositoryIndicatorUpdater]: Refreshing sidebar indicators for 1 repositories took 1.6s of which 0.0s paused, total 1.6s
2025-06-09T22:59:54.636Z - info: [ui] [Timing] Action 'create commit' for 'jfreitasunb/dot' took 0.087s
2025-06-09T22:59:55.019Z - info: [ui] Executing fetch: git fetch --progress --prune --recurse-submodules=on-demand origin (took 1.195s)
2025-06-09T22:59:55.020Z - error: [ui] `git fetch --progress --prune --recurse-submodules=on-demand origin` exited with an unexpected code: 128.

it@github.com: Permission denied (publickey).fatal: Could not read from remote repository.

Please make sure you have the correct access rights
and the repository exists.

(The error was parsed as 3: Authentication failed. Some common reasons include:

- You are not logged in to your account: see File > Options.
- You may need to log out and log back in to refresh your token.
- You do not have permission to access this repository.
- The repository is archived on GitHub. Check the repository settings to confirm you are still permitted to push commits.
- If you use SSH authentication, check that your key is added to the ssh-agent and associated with your account.
- If you use SSH authentication, ensure the host key verification passes for your repository hosting service.
- If you used username / password authentication, you might need to use a Personal Access Token instead of your account password. Check the documentation of your repository hosting service.)
2025-06-09T23:01:00.217Z - info: [ui] [AppStore] loading 1 repositories from store
2025-06-09T23:01:00.219Z - info: [ui] [AppStore] found account: jfreitasunb (José Antônio Oliveira de Freitas)
2025-06-09T23:01:00.238Z - info: [ui] [BranchPruner] Last prune took place 18 minutes ago - skipping
2025-06-09T23:01:00.528Z - info: [ui] launching: 3.4.14-linux1 (Linux 6.12.32-1-lts)
2025-06-09T23:01:00.529Z - info: [ui] execPath: '/opt/github-desktop/github-desktop'
2025-06-09T23:01:00.697Z - info: [ui] Subscribed 'jfreitasunb' to Alive channel
2025-06-09T23:01:01.190Z - info: [ui] Stats reported.
2025-06-09T23:01:06.181Z - info: [ui] Executing fetch: git fetch --progress --prune --recurse-submodules=on-demand origin (took 1.161s)
2025-06-09T23:01:06.182Z - error: [ui] `git fetch --progress --prune --recurse-submodules=on-demand origin` exited with an unexpected code: 128.

it@github.com: Permission denied (publickey).fatal: Could not read from remote repository.

Please make sure you have the correct access rights
and the repository exists.

(The error was parsed as 3: Authentication failed. Some common reasons include:

- You are not logged in to your account: see File > Options.
- You may need to log out and log back in to refresh your token.
- You do not have permission to access this repository.
- The repository is archived on GitHub. Check the repository settings to confirm you are still permitted to push commits.
- If you use SSH authentication, check that your key is added to the ssh-agent and associated with your account.
- If you use SSH authentication, ensure the host key verification passes for your repository hosting service.
- If you used username / password authentication, you might need to use a Personal Access Token instead of your account password. Check the documentation of your repository hosting service.)
2025-06-09T23:02:04.950Z - error: [ui] `git revert fa031961e059d163af6f910447ad001442266a32` exited with an unexpected code: 128.
error: Your local changes to the following files would be overwritten by merge:
	stow_configs/config/.config/gtkrc
	stow_configs/config/.config/gtkrc-2.0
Please commit your changes or stash them before you merge.
Aborting
fatal: revert failed

(The error was parsed as 54: null)
2025-06-09T23:03:54.866Z - info: [ui] [Timing] Action 'create commit' for 'jfreitasunb/dot' took 0.082s
2025-06-09T23:04:11.653Z - info: [ui] [Timing] Action 'create commit' for 'jfreitasunb/dot' took 0.074s
2025-06-09T23:04:24.249Z - info: [ui] [Timing] Action 'create commit' for 'jfreitasunb/dot' took 0.087s
2025-06-09T23:04:40.155Z - info: [ui] Executing push: git push origin master:master --progress (took 12.322s)
2025-06-09T23:04:40.155Z - error: [ui] `git push origin master:master --progress` exited with an unexpected code: 128.

it@github.com: Permission denied (publickey).fatal: Could not read from remote repository.

Please make sure you have the correct access rights
and the repository exists.

(The error was parsed as 3: Authentication failed. Some common reasons include:

- You are not logged in to your account: see File > Options.
- You may need to log out and log back in to refresh your token.
- You do not have permission to access this repository.
- The repository is archived on GitHub. Check the repository settings to confirm you are still permitted to push commits.
- If you use SSH authentication, check that your key is added to the ssh-agent and associated with your account.
- If you use SSH authentication, ensure the host key verification passes for your repository hosting service.
- If you used username / password authentication, you might need to use a Personal Access Token instead of your account password. Check the documentation of your repository hosting service.)
2025-06-09T23:04:40.156Z - info: [ui] SSH auth failed, deleting credential for GitHub Desktop - SSH key passphrases:5285b70c729ee44f4ee1bc44a72d7ccaeefd5188a2677f1a8f527ec03b2b5415
2025-06-09T23:06:12.564Z - info: [ui] Executing fetch: git fetch --progress --prune --recurse-submodules=on-demand origin (took 1.167s)
2025-06-09T23:06:12.565Z - error: [ui] `git fetch --progress --prune --recurse-submodules=on-demand origin` exited with an unexpected code: 128.

it@github.com: Permission denied (publickey).fatal: Could not read from remote repository.

Please make sure you have the correct access rights
and the repository exists.

(The error was parsed as 3: Authentication failed. Some common reasons include:

- You are not logged in to your account: see File > Options.
- You may need to log out and log back in to refresh your token.
- You do not have permission to access this repository.
- The repository is archived on GitHub. Check the repository settings to confirm you are still permitted to push commits.
- If you use SSH authentication, check that your key is added to the ssh-agent and associated with your account.
- If you use SSH authentication, ensure the host key verification passes for your repository hosting service.
- If you used username / password authentication, you might need to use a Personal Access Token instead of your account password. Check the documentation of your repository hosting service.)
2025-06-09T23:20:02.871Z - info: [ui] [AppStore] loading 1 repositories from store
2025-06-09T23:20:02.873Z - info: [ui] [AppStore] found account: jfreitasunb (José Antônio Oliveira de Freitas)
2025-06-09T23:20:02.891Z - info: [ui] [BranchPruner] Last prune took place 37 minutes ago - skipping
2025-06-09T23:20:03.211Z - info: [ui] launching: 3.4.14-linux1 (Linux 6.12.32-1-lts)
2025-06-09T23:20:03.211Z - info: [ui] execPath: '/opt/github-desktop/github-desktop'
2025-06-09T23:20:03.332Z - info: [ui] Subscribed 'jfreitasunb' to Alive channel
2025-06-09T23:20:31.981Z - info: [ui] Executing fetch: git fetch --progress --prune --recurse-submodules=on-demand origin (took 1.204s)
2025-06-09T23:20:31.983Z - error: [ui] `git fetch --progress --prune --recurse-submodules=on-demand origin` exited with an unexpected code: 128.

it@github.com: Permission denied (publickey).fatal: Could not read from remote repository.

Please make sure you have the correct access rights
and the repository exists.

(The error was parsed as 3: Authentication failed. Some common reasons include:

- You are not logged in to your account: see File > Options.
- You may need to log out and log back in to refresh your token.
- You do not have permission to access this repository.
- The repository is archived on GitHub. Check the repository settings to confirm you are still permitted to push commits.
- If you use SSH authentication, check that your key is added to the ssh-agent and associated with your account.
- If you use SSH authentication, ensure the host key verification passes for your repository hosting service.
- If you used username / password authentication, you might need to use a Personal Access Token instead of your account password. Check the documentation of your repository hosting service.)
2025-06-09T23:23:58.126Z - info: [ui] [AppStore] loading 1 repositories from store
2025-06-09T23:23:58.130Z - info: [ui] [AppStore] found account: jfreitasunb (José Antônio Oliveira de Freitas)
2025-06-09T23:23:58.149Z - info: [ui] [BranchPruner] Last prune took place 40 minutes ago - skipping
2025-06-09T23:23:58.483Z - info: [ui] launching: 3.4.14-linux1 (Linux 6.12.32-1-lts)
2025-06-09T23:23:58.484Z - info: [ui] execPath: '/opt/github-desktop/github-desktop'
2025-06-09T23:23:58.624Z - info: [ui] Subscribed 'jfreitasunb' to Alive channel
2025-06-09T23:24:26.277Z - info: [ui] Executing fetch: git fetch --progress --prune --recurse-submodules=on-demand origin (took 6.254s)
2025-06-09T23:24:26.279Z - error: [ui] `git fetch --progress --prune --recurse-submodules=on-demand origin` exited with an unexpected code: 128.

it@github.com: Permission denied (publickey).fatal: Could not read from remote repository.

Please make sure you have the correct access rights
and the repository exists.

(The error was parsed as 3: Authentication failed. Some common reasons include:

- You are not logged in to your account: see File > Options.
- You may need to log out and log back in to refresh your token.
- You do not have permission to access this repository.
- The repository is archived on GitHub. Check the repository settings to confirm you are still permitted to push commits.
- If you use SSH authentication, check that your key is added to the ssh-agent and associated with your account.
- If you use SSH authentication, ensure the host key verification passes for your repository hosting service.
- If you used username / password authentication, you might need to use a Personal Access Token instead of your account password. Check the documentation of your repository hosting service.)
2025-06-09T23:29:49.748Z - info: [ui] Executing fetch: git fetch --progress --prune --recurse-submodules=on-demand origin (took 1.178s)
2025-06-09T23:29:49.748Z - error: [ui] `git fetch --progress --prune --recurse-submodules=on-demand origin` exited with an unexpected code: 128.

it@github.com: Permission denied (publickey).fatal: Could not read from remote repository.

Please make sure you have the correct access rights
and the repository exists.

(The error was parsed as 3: Authentication failed. Some common reasons include:

- You are not logged in to your account: see File > Options.
- You may need to log out and log back in to refresh your token.
- You do not have permission to access this repository.
- The repository is archived on GitHub. Check the repository settings to confirm you are still permitted to push commits.
- If you use SSH authentication, check that your key is added to the ssh-agent and associated with your account.
- If you use SSH authentication, ensure the host key verification passes for your repository hosting service.
- If you used username / password authentication, you might need to use a Personal Access Token instead of your account password. Check the documentation of your repository hosting service.)
2025-06-09T23:35:14.248Z - info: [ui] Executing fetch: git fetch --progress --prune --recurse-submodules=on-demand origin (took 1.182s)
2025-06-09T23:35:14.249Z - error: [ui] `git fetch --progress --prune --recurse-submodules=on-demand origin` exited with an unexpected code: 128.

fatal: Could not read from remote repository.

Please make sure you have the correct access rights
and the repository exists.

(The error was parsed as 3: Authentication failed. Some common reasons include:

- You are not logged in to your account: see File > Options.
- You may need to log out and log back in to refresh your token.
- You do not have permission to access this repository.
- The repository is archived on GitHub. Check the repository settings to confirm you are still permitted to push commits.
- If you use SSH authentication, check that your key is added to the ssh-agent and associated with your account.
- If you use SSH authentication, ensure the host key verification passes for your repository hosting service.
- If you used username / password authentication, you might need to use a Personal Access Token instead of your account password. Check the documentation of your repository hosting service.)
2025-06-09T23:40:38.643Z - info: [ui] Executing fetch: git fetch --progress --prune --recurse-submodules=on-demand origin (took 1.185s)
2025-06-09T23:40:38.644Z - error: [ui] `git fetch --progress --prune --recurse-submodules=on-demand origin` exited with an unexpected code: 128.

it@github.com: Permission denied (publickey).fatal: Could not read from remote repository.

Please make sure you have the correct access rights
and the repository exists.

(The error was parsed as 3: Authentication failed. Some common reasons include:

- You are not logged in to your account: see File > Options.
- You may need to log out and log back in to refresh your token.
- You do not have permission to access this repository.
- The repository is archived on GitHub. Check the repository settings to confirm you are still permitted to push commits.
- If you use SSH authentication, check that your key is added to the ssh-agent and associated with your account.
- If you use SSH authentication, ensure the host key verification passes for your repository hosting service.
- If you used username / password authentication, you might need to use a Personal Access Token instead of your account password. Check the documentation of your repository hosting service.)
2025-06-09T23:43:42.342Z - info: [ui] [Timing] Action 'create commit' for 'jfreitasunb/dot' took 0.086s
2025-06-09T23:44:09.525Z - info: [ui] [Timing] Action 'create commit' for 'jfreitasunb/dot' took 0.083s
2025-06-09T23:44:46.871Z - info: [ui] [Timing] Action 'create commit' for 'jfreitasunb/dot' took 0.078s
2025-06-09T23:45:00.496Z - info: [ui] [Timing] Action 'create commit' for 'jfreitasunb/dot' took 0.091s
2025-06-09T23:45:09.038Z - info: [ui] [Timing] Action 'create commit' for 'jfreitasunb/dot' took 0.090s
2025-06-09T23:45:15.334Z - info: [ui] [Timing] Action 'create commit' for 'jfreitasunb/dot' took 0.086s
2025-06-09T23:46:03.036Z - info: [ui] Executing fetch: git fetch --progress --prune --recurse-submodules=on-demand origin (took 1.172s)
2025-06-09T23:46:03.037Z - error: [ui] `git fetch --progress --prune --recurse-submodules=on-demand origin` exited with an unexpected code: 128.

it@github.com: Permission denied (publickey).fatal: Could not read from remote repository.

Please make sure you have the correct access rights
and the repository exists.

(The error was parsed as 3: Authentication failed. Some common reasons include:

- You are not logged in to your account: see File > Options.
- You may need to log out and log back in to refresh your token.
- You do not have permission to access this repository.
- The repository is archived on GitHub. Check the repository settings to confirm you are still permitted to push commits.
- If you use SSH authentication, check that your key is added to the ssh-agent and associated with your account.
- If you use SSH authentication, ensure the host key verification passes for your repository hosting service.
- If you used username / password authentication, you might need to use a Personal Access Token instead of your account password. Check the documentation of your repository hosting service.)
2025-06-09T23:47:05.849Z - info: [ui] [Timing] Action 'create commit' for 'jfreitasunb/dot' took 0.180s
