2024-09-05T15:45:54.407Z - info: [ui] [AppStore] loading 0 repositories from store
2024-09-05T15:45:54.444Z - info: [ui] [Welcome] no sign in step found. ignoring...
2024-09-05T15:45:54.459Z - info: [ui] [Welcome] no sign in step found. ignoring...
2024-09-05T15:45:54.461Z - info: [ui] launching: 3.4.3-linux1 (Linux 6.9.12-3-MANJARO)
2024-09-05T15:45:54.462Z - info: [ui] execPath: '/opt/github-desktop/github-desktop'
2024-09-05T15:45:54.486Z - info: [ui] [Welcome] no sign in step found. ignoring...
2024-09-05T15:45:54.738Z - info: [ui] Opt in reported.
2024-09-05T15:45:56.478Z - info: [ui] [Welcome] advancing to step: SignInToDotComWithBrowser
2024-09-05T15:45:56.479Z - info: [ui] [SignInStore] initializing OAuth flow
2024-09-05T15:45:56.484Z - info: [main] opening in browser: https://github.com/login/oauth/authorize?client_id=3a723b10ac5575cc5bb9&scope=repo%20user%20workflow&state=91b233a2-575f-4ce9-a47a-897c24017266
2024-09-05T15:45:56.484Z - info: [ui] [SignInStore] account resolved
2024-09-05T15:45:56.484Z - info: [ui] [Welcome] current sign in state not found. ignoring...
2024-09-05T15:45:57.744Z - info: [ui] [Welcome] kind Authentication is the same as Authentication. ignoring...
2024-09-05T15:47:27.349Z - info: [main] Received possible protocol arguments: 3
2024-09-05T15:47:27.349Z - info: [main] Processing protocol url
2024-09-05T15:47:27.361Z - info: [ui] [Welcome] kind Authentication is the same as Authentication. ignoring...
2024-09-05T15:47:27.362Z - info: [ui] [Welcome] kind Authentication is the same as Authentication. ignoring...
2024-09-05T15:47:27.446Z - info: [main] Received possible protocol arguments: 2
2024-09-05T15:47:27.450Z - info: [main] Processing protocol url
2024-09-05T15:47:28.492Z - info: [ui] [AppStore] adding account jfreitasunb (José Antônio Oliveira de Freitas) to store
2024-09-05T15:47:28.494Z - info: [ui] [Welcome] advancing to step: ConfigureGit
2024-09-05T15:47:28.520Z - info: [ui] [Welcome] no sign in step found. ignoring...
2024-09-05T15:47:28.604Z - info: [ui] [Welcome] no sign in step found. ignoring...
2024-09-05T15:47:29.186Z - info: [ui] Subscribed 'jfreitasunb' to Alive channel
2024-09-05T15:47:29.728Z - info: [ui] [Welcome] no sign in step found. ignoring...
2024-09-05T15:48:16.873Z - info: [ui] Executing clone: git -c init.defaultBranch=master clone --recursive --progress -- https://github.com/jfreitasunb/dot.git /home/jfreitas/GitHub/dot (took 32.709s)
2024-09-05T15:48:16.890Z - info: [ui] [AppStore] adding repository at /home/jfreitas/GitHub/dot to store
